<?xml version="1.0" encoding="UTF-8"?>
<!-- Generated by org.testng.reporters.JUnitXMLReporter -->
<testsuite ignored="0" hostname="Venkatesh" failures="1" tests="1" name="Surefire test" time="0.033" errors="0" timestamp="2024-01-24T21:41:32 IST">
  <testcase classname="TestCases.DDTestCase" name="testPostUser" time="0.0">
    <failure type="java.lang.RuntimeException" message="java.io.FileNotFoundException: C:\Users\venky\eclipse-workspace\AutomationProjects\RestAssured\PetstoreAPITesting\TestData\PetstoreExceldata.xlsx (The system cannot find the path specified)">
      <![CDATA[java.lang.RuntimeException: java.io.FileNotFoundException: C:\Users\venky\eclipse-workspace\AutomationProjects\RestAssured\PetstoreAPITesting\TestData\PetstoreExceldata.xlsx (The system cannot find the path specified)
at java.base/java.util.ArrayList.forEach(ArrayList.java:1511)
Caused by: java.io.FileNotFoundException: C:\Users\venky\eclipse-workspace\AutomationProjects\RestAssured\PetstoreAPITesting\TestData\PetstoreExceldata.xlsx (The system cannot find the path specified)
at java.base/java.io.FileInputStream.open0(Native Method)
at java.base/java.io.FileInputStream.open(FileInputStream.java:216)
at java.base/java.io.FileInputStream.<init>(FileInputStream.java:157)
at java.base/java.io.FileInputStream.<init>(FileInputStream.java:111)
at Utilities.XLUtilities.getRowCount(XLUtilities.java:33)
at Utilities.DataProviders.getAllData(DataProviders.java:15)
... 30 more
... Removed 37 stack frames]]>
    </failure>
  </testcase> <!-- testPostUser -->
</testsuite> <!-- Surefire test -->
