<?xml version="1.0" encoding="UTF-8"?>
<!-- Generated by org.testng.reporters.JUnitXMLReporter -->
<testsuite ignored="0" hostname="Venkatesh" failures="0" tests="4" name="Test" time="8.097" errors="0" timestamp="2024-01-24T17:08:57 IST">
  <testcase classname="TestCases.userTestCases" name="testPostUser" time="2.483"/>
  <testcase classname="TestCases.userTestCases" name="testGetUserName" time="1.23"/>
  <testcase classname="TestCases.userTestCases" name="updateUserDetails" time="2.641"/>
  <testcase classname="TestCases.userTestCases" name="deleteUserDetails" time="1.386"/>
</testsuite> <!-- Test -->
