<?xml version="1.0" encoding="UTF-8"?>
<!-- Generated by org.testng.reporters.JUnitXMLReporter -->
<testsuite ignored="0" hostname="Venkatesh" failures="0" tests="4" name="Test" time="10.94" errors="0" timestamp="2024-01-24T21:53:32 IST">
  <testcase classname="TestCases.userTestCases" name="testPostUser" time="4.025"/>
  <testcase classname="TestCases.userTestCases" name="testGetUserName" time="1.747"/>
  <testcase classname="TestCases.userTestCases" name="updateUserDetails" time="3.176"/>
  <testcase classname="TestCases.userTestCases" name="deleteUserDetails" time="1.484"/>
</testsuite> <!-- Test -->
