<?xml version="1.0" encoding="UTF-8"?>
<testng-results ignored="0" total="4" passed="4" failed="0" skipped="0">
  <reporter-output>
  </reporter-output>
  <suite started-at="2024-01-24T21:53:20 IST" name="Suite" finished-at="2024-01-24T21:53:31 IST" duration-ms="10940">
    <groups>
    </groups>
    <test started-at="2024-01-24T21:53:20 IST" name="Test" finished-at="2024-01-24T21:53:31 IST" duration-ms="10940">
      <class name="TestCases.userTestCases">
        <test-method is-config="true" signature="setupData()[pri:0, instance:TestCases.userTestCases@795cd85e]" started-at="2024-01-24T21:53:20 IST" name="setupData" finished-at="2024-01-24T21:53:21 IST" duration-ms="204" status="PASS">
          <reporter-output>
          </reporter-output>
        </test-method> <!-- setupData -->
        <test-method signature="testPostUser()[pri:1, instance:TestCases.userTestCases@795cd85e]" started-at="2024-01-24T21:53:21 IST" name="testPostUser" finished-at="2024-01-24T21:53:25 IST" duration-ms="4025" status="PASS">
          <reporter-output>
          </reporter-output>
        </test-method> <!-- testPostUser -->
        <test-method signature="testGetUserName()[pri:2, instance:TestCases.userTestCases@795cd85e]" started-at="2024-01-24T21:53:25 IST" name="testGetUserName" finished-at="2024-01-24T21:53:26 IST" duration-ms="1747" status="PASS">
          <reporter-output>
          </reporter-output>
        </test-method> <!-- testGetUserName -->
        <test-method signature="updateUserDetails()[pri:3, instance:TestCases.userTestCases@795cd85e]" started-at="2024-01-24T21:53:26 IST" name="updateUserDetails" finished-at="2024-01-24T21:53:30 IST" duration-ms="3176" status="PASS">
          <reporter-output>
          </reporter-output>
        </test-method> <!-- updateUserDetails -->
        <test-method signature="deleteUserDetails()[pri:4, instance:TestCases.userTestCases@795cd85e]" started-at="2024-01-24T21:53:30 IST" name="deleteUserDetails" finished-at="2024-01-24T21:53:31 IST" duration-ms="1484" status="PASS">
          <reporter-output>
          </reporter-output>
        </test-method> <!-- deleteUserDetails -->
      </class> <!-- TestCases.userTestCases -->
    </test> <!-- Test -->
  </suite> <!-- Suite -->
</testng-results>
