<?xml version="1.0" encoding="UTF-8"?>
<testsuite xmlns:xsi="http://www.w3.org/2001/XMLSchema-instance" xsi:noNamespaceSchemaLocation="https://maven.apache.org/surefire/maven-surefire-plugin/xsd/surefire-test-report-3.0.xsd" version="3.0" name="TestSuite" time="12.491" tests="4" errors="0" skipped="0" failures="0">
  <properties>
[...]
</properties>
  <testcase name="testPostUser" classname="TestCases.userTestCases" time="4.044">
    <system-out><![CDATA[HTTP/1.1 200 OK
Date: Wed, 24 Jan 2024 16:23:24 GMT
Content-Type: application/json
Transfer-Encoding: chunked
Connection: keep-alive
Access-Control-Allow-Origin: *
Access-Control-Allow-Methods: GET, POST, DELETE, PUT
Access-Control-Allow-Headers: Content-Type, api_key, Authorization
Server: Jetty(9.2.9.v20150224)

{
    "code": 200,
    "type": "unknown",
    "message": "1916700921"
}
]]></system-out>
    <system-err><![CDATA[SLF4J(W): No SLF4J providers were found.
SLF4J(W): Defaulting to no-operation (NOP) logger implementation
SLF4J(W): See https://www.slf4j.org/codes.html#noProviders for further details.
]]></system-err>
  </testcase>
  <testcase name="testGetUserName" classname="TestCases.userTestCases" time="1.75">
    <system-out><![CDATA[HTTP/1.1 200 OK
Date: Wed, 24 Jan 2024 16:23:26 GMT
Content-Type: application/json
Transfer-Encoding: chunked
Connection: keep-alive
Access-Control-Allow-Origin: *
Access-Control-Allow-Methods: GET, POST, DELETE, PUT
Access-Control-Allow-Headers: Content-Type, api_key, Authorization
Server: Jetty(9.2.9.v20150224)

{
    "id": 1916700921,
    "username": "patricia.boyle",
    "email": "albina.towne@example.com",
    "password": "o2wsk",
    "phone": "679.251.2240",
    "userStatus": 0
}
]]></system-out>
  </testcase>
  <testcase name="updateUserDetails" classname="TestCases.userTestCases" time="3.171">
    <system-out><![CDATA[HTTP/1.1 200 OK
Date: Wed, 24 Jan 2024 16:23:28 GMT
Content-Type: application/json
Transfer-Encoding: chunked
Connection: keep-alive
Access-Control-Allow-Origin: *
Access-Control-Allow-Methods: GET, POST, DELETE, PUT
Access-Control-Allow-Headers: Content-Type, api_key, Authorization
Server: Jetty(9.2.9.v20150224)

{
    "code": 200,
    "type": "unknown",
    "message": "1916700921"
}
]]></system-out>
  </testcase>
  <testcase name="deleteUserDetails" classname="TestCases.userTestCases" time="1.492">
    <system-out><![CDATA[HTTP/1.1 200 OK
Date: Wed, 24 Jan 2024 16:23:31 GMT
Content-Type: application/json
Transfer-Encoding: chunked
Connection: keep-alive
Access-Control-Allow-Origin: *
Access-Control-Allow-Methods: GET, POST, DELETE, PUT
Access-Control-Allow-Headers: Content-Type, api_key, Authorization
Server: Jetty(9.2.9.v20150224)

{
    "code": 200,
    "type": "unknown",
    "message": "patricia.boyle"
}
]]></system-out>
  </testcase>
</testsuite>