<?xml version="1.0" encoding="UTF-8"?>
<testng-results ignored="0" total="4" passed="4" failed="0" skipped="0">
  <reporter-output>
  </reporter-output>
  <suite started-at="2024-01-24T17:08:48 IST" name="Suite" finished-at="2024-01-24T17:08:56 IST" duration-ms="8097">
    <groups>
    </groups>
    <test started-at="2024-01-24T17:08:48 IST" name="Test" finished-at="2024-01-24T17:08:56 IST" duration-ms="8097">
      <class name="TestCases.userTestCases">
        <test-method is-config="true" signature="setupData()[pri:0, instance:TestCases.userTestCases@2ddc9a9f]" started-at="2024-01-24T17:08:48 IST" name="setupData" finished-at="2024-01-24T17:08:49 IST" duration-ms="137" status="PASS">
          <reporter-output>
          </reporter-output>
        </test-method> <!-- setupData -->
        <test-method signature="testPostUser()[pri:1, instance:TestCases.userTestCases@2ddc9a9f]" started-at="2024-01-24T17:08:49 IST" name="testPostUser" finished-at="2024-01-24T17:08:51 IST" duration-ms="2483" status="PASS">
          <reporter-output>
          </reporter-output>
        </test-method> <!-- testPostUser -->
        <test-method signature="testGetUserName()[pri:2, instance:TestCases.userTestCases@2ddc9a9f]" started-at="2024-01-24T17:08:51 IST" name="testGetUserName" finished-at="2024-01-24T17:08:52 IST" duration-ms="1230" status="PASS">
          <reporter-output>
          </reporter-output>
        </test-method> <!-- testGetUserName -->
        <test-method signature="updateUserDetails()[pri:3, instance:TestCases.userTestCases@2ddc9a9f]" started-at="2024-01-24T17:08:52 IST" name="updateUserDetails" finished-at="2024-01-24T17:08:55 IST" duration-ms="2641" status="PASS">
          <reporter-output>
          </reporter-output>
        </test-method> <!-- updateUserDetails -->
        <test-method signature="deleteUserDetails()[pri:4, instance:TestCases.userTestCases@2ddc9a9f]" started-at="2024-01-24T17:08:55 IST" name="deleteUserDetails" finished-at="2024-01-24T17:08:56 IST" duration-ms="1386" status="PASS">
          <reporter-output>
          </reporter-output>
        </test-method> <!-- deleteUserDetails -->
      </class> <!-- TestCases.userTestCases -->
    </test> <!-- Test -->
  </suite> <!-- Suite -->
</testng-results>
